<?xml version="1.0" encoding="UTF-8"?>
<testng-results skipped="0" failed="0" total="1" passed="1">
  <reporter-output>
  </reporter-output>
  <suite name="Suite" duration-ms="5286" started-at="2017-11-23T03:33:39Z" finished-at="2017-11-23T03:33:44Z">
    <groups>
    </groups>
    <test name="Selenium-AutomationSuite" duration-ms="5286" started-at="2017-11-23T03:33:39Z" finished-at="2017-11-23T03:33:44Z">
      <class name="tests.sample">
        <test-method status="PASS" signature="setup(java.lang.String)[pri:0, instance:tests.sample@36d64342]" name="setup" is-config="true" duration-ms="7329" started-at="2017-11-23T09:03:31Z" finished-at="2017-11-23T09:03:39Z">
          <params>
            <param index="0">
              <value>
                <![CDATA[http://www.newtours.demoaut.com/]]>
              </value>
            </param>
          </params>
          <reporter-output>
          </reporter-output>
        </test-method> <!-- setup -->
        <test-method status="PASS" signature="test1()[pri:0, instance:tests.sample@36d64342]" name="test1" duration-ms="5268" started-at="2017-11-23T09:03:39Z" finished-at="2017-11-23T09:03:44Z">
          <reporter-output>
          </reporter-output>
        </test-method> <!-- test1 -->
        <test-method status="PASS" signature="afterClass()[pri:0, instance:tests.sample@36d64342]" name="afterClass" is-config="true" duration-ms="1" started-at="2017-11-23T09:03:44Z" finished-at="2017-11-23T09:03:44Z">
          <reporter-output>
          </reporter-output>
        </test-method> <!-- afterClass -->
        <test-method status="PASS" signature="afterSuite()[pri:0, instance:tests.sample@36d64342]" name="afterSuite" is-config="true" duration-ms="3" started-at="2017-11-23T09:03:44Z" finished-at="2017-11-23T09:03:44Z">
          <reporter-output>
          </reporter-output>
        </test-method> <!-- afterSuite -->
      </class> <!-- tests.sample -->
    </test> <!-- Selenium-AutomationSuite -->
  </suite> <!-- Suite -->
</testng-results>
